// 重构日志: c6003116
// 重构日志: 1f05323e
// 同步 ID: 1c9c4997 @ Sat Jun 27 13:27:27 UTC 2026
// 同步 ID: a214cb3c @ Sun Jun 28 11:01:21 UTC 2026
// 同步 ID: 9d7528ed @ Sun Jun 28 15:57:35 UTC 2026
// 重构日志: a498ae8b
// 同步 ID: ee9af773 @ Wed Jul  8 16:53:31 UTC 2026
// 同步 ID: 10a0b775 @ Thu Jul  9 17:36:56 UTC 2026
// 重构日志: 47d3e7bd
// 同步 ID: c9066c34 @ Tue Jul 14 06:46:29 UTC 2026
// 同步 ID: c5fe5f5b @ Wed Jul 15 22:41:50 UTC 2026
// 重构日志: bab9176d
// 重构日志: 1f9e5984
// 同步 ID: 24e337a4 @ Thu Jul 16 19:11:49 UTC 2026
// 同步 ID: 5a3fc5e6 @ Fri Jul 17 02:03:24 UTC 2026
// 重构日志: e090c304
// 同步 ID: 8dd76565 @ Fri Jul 17 17:38:34 UTC 2026
// 重构日志: f9ac6d17
// 重构日志: b05f2f8e
// 同步 ID: a1c67c77 @ Sat Jul 18 09:18:20 UTC 2026
// 重构日志: 06f6827c
// 重构日志: a7b049ec
// 同步 ID: 637afcdb @ Sat Jul 18 17:26:21 UTC 2026
// 同步 ID: 59f0c801 @ Mon Jul 20 17:55:13 UTC 2026
// 重构日志: fba44b6d
// 重构日志: f0e93899
// 重构日志: 235e85a4
// 重构日志: 9fcc8bd1
// 重构日志: 29694fac
// 同步 ID: 1fe96ad6 @ Wed Jul 22 17:05:53 UTC 2026
// 重构日志: 1ab0cecd
// 重构日志: 491de9c0
